<?xml version="1.0" encoding="UTF-8"?>
<testng-results skipped="0" failed="0" total="4" passed="4">
  <reporter-output>
  </reporter-output>
  <suite name="Suite" duration-ms="53434" started-at="2018-02-05T11:46:07Z" finished-at="2018-02-05T11:47:00Z">
    <groups>
    </groups>
    <test name="Test" duration-ms="53434" started-at="2018-02-05T11:46:07Z" finished-at="2018-02-05T11:47:00Z">
      <class name="com.pack.common.test.Createuser">
        <test-method status="PASS" signature="newuser()[pri:0, instance:com.pack.common.test.Createuser@18b8c068]" name="newuser" duration-ms="13403" started-at="2018-02-05T17:16:20Z" finished-at="2018-02-05T17:16:34Z">
          <reporter-output>
          </reporter-output>
        </test-method> <!-- newuser -->
      </class> <!-- com.pack.common.test.Createuser -->
      <class name="com.pack.common.test.Deleteuser">
        <test-method status="PASS" signature="delete()[pri:0, instance:com.pack.common.test.Deleteuser@7bb52a38]" name="delete" duration-ms="13535" started-at="2018-02-05T17:16:46Z" finished-at="2018-02-05T17:17:00Z">
          <reporter-output>
          </reporter-output>
        </test-method> <!-- delete -->
      </class> <!-- com.pack.common.test.Deleteuser -->
      <class name="com.pack.common.test.VerifyPageAcess">
        <test-method status="PASS" signature="ComputersCount()[pri:0, instance:com.pack.common.test.VerifyPageAcess@5ea6a4a0]" name="ComputersCount" duration-ms="13852" started-at="2018-02-05T17:16:07Z" finished-at="2018-02-05T17:16:20Z">
          <reporter-output>
          </reporter-output>
        </test-method> <!-- ComputersCount -->
      </class> <!-- com.pack.common.test.VerifyPageAcess -->
      <class name="com.pack.common.test.Alteruser">
        <test-method status="PASS" signature="alter()[pri:0, instance:com.pack.common.test.Alteruser@95ff886]" name="alter" duration-ms="12606" started-at="2018-02-05T17:16:34Z" finished-at="2018-02-05T17:16:46Z">
          <reporter-output>
          </reporter-output>
        </test-method> <!-- alter -->
      </class> <!-- com.pack.common.test.Alteruser -->
    </test> <!-- Test -->
  </suite> <!-- Suite -->
</testng-results>
