<?xml version="1.0" encoding="UTF-8"?>
<!-- Generated by org.testng.reporters.JUnitXMLReporter -->
<testsuite hostname="ZLBLR027LT" name="Test" tests="4" failures="0" timestamp="5 Feb 2018 11:47:00 GMT" time="53.434" errors="0">
  <testcase name="ComputersCount" time="13.852" classname="com.pack.common.test.VerifyPageAcess"/>
  <testcase name="newuser" time="13.403" classname="com.pack.common.test.Createuser"/>
  <testcase name="alter" time="12.606" classname="com.pack.common.test.Alteruser"/>
  <testcase name="delete" time="13.535" classname="com.pack.common.test.Deleteuser"/>
</testsuite> <!-- Test -->
