<?xml version="1.0" encoding="UTF-8"?>
<!-- Generated by org.testng.reporters.JUnitXMLReporter -->
<testsuite hostname="ZLBLR027LT" name="Default test" tests="4" failures="0" timestamp="2 Feb 2018 10:00:34 GMT" time="57.575" errors="0">
  <testcase name="alter" time="14.421" classname="com.pack.common.test.Alteruser"/>
  <testcase name="newuser" time="14.587" classname="com.pack.common.test.Createuser"/>
  <testcase name="ComputersCount" time="12.755" classname="com.pack.common.test.VerifyPageAcess"/>
  <testcase name="delete" time="15.73" classname="com.pack.common.test.Deleteuser"/>
</testsuite> <!-- Default test -->
