<?xml version="1.0" encoding="UTF-8"?>
<!-- Generated by org.testng.reporters.JUnitXMLReporter -->
<testsuite hostname="ZLBLR027LT" name="Test" tests="4" failures="0" timestamp="3 Feb 2018 09:48:39 GMT" time="40.048" errors="0">
  <testcase name="ComputersCount" time="8.937" classname="com.pack.common.test.VerifyPageAcess"/>
  <testcase name="newuser" time="10.055" classname="com.pack.common.test.Createuser"/>
  <testcase name="alter" time="11.384" classname="com.pack.common.test.Alteruser"/>
  <testcase name="delete" time="9.654" classname="com.pack.common.test.Deleteuser"/>
</testsuite> <!-- Test -->
